<?xml version="1.0" encoding="UTF-8"?>
<!-- Generated by org.testng.reporters.JUnitXMLReporter -->
<testsuite ignored="0" hostname="AkshataPotale" failures="10" tests="29" name="Test" time="242.374" errors="0" timestamp="2025-08-21T16:32:13 IST">
  <testcase classname="tutorialsninja.register.TC_RF_001" name="verifyRegisterWithMandatoryFields" time="1.475"/>
  <testcase classname="tutorialsninja.register.TC_RF_003" name="verifyRegisterAccountWithAllMandatoryFields" time="1.393"/>
  <testcase classname="tutorialsninja.register.TC_RF_004" name="verifyRegisteringAccountWithoutFillingDataInFields" time="1.184"/>
  <testcase classname="tutorialsninja.register.TC_RF_005" name="verifyRegisteringAccountBySubscribingToNewsLetter" time="2.335"/>
  <testcase classname="tutorialsninja.register.TC_RF_006" name="verifyRegisteringAccountBySayingNoToNewsLetter" time="2.156"/>
  <testcase classname="tutorialsninja.register.TC_RF_007" name="VerifingDifferentWaysToNavigateToRegisterPage" time="1.609"/>
  <testcase classname="tutorialsninja.register.TC_RF_008" name="verifyRegisteringAccountByProvidingMismatchingPasswords" time="1.63"/>
  <testcase classname="tutorialsninja.register.TC_RF_009" name="verifyRegisteringAccountByEnteringExistingEmail" time="1.47"/>
  <testcase classname="tutorialsninja.register.TC_RF_010" name="verifyRegisteringAccountUsingInvalidEmailAddress" time="2.548">
    <failure type="java.lang.AssertionError" message="expected [Please enter an email address.] but found [Please include an &amp;apos;@&amp;apos; in the email address. &amp;apos;akshatap261&amp;apos; is missing an &amp;apos;@&amp;apos;.]">
      <![CDATA[java.lang.AssertionError: expected [Please enter an email address.] but found [Please include an '@' in the email address. 'akshatap261' is missing an '@'.]
at tutorialsninja.register.TC_RF_010.verifyRegisteringAccountUsingInvalidEmailAddress(TC_RF_010.java:75)
at java.base/java.util.ArrayList.forEach(ArrayList.java:1596)
... Removed 31 stack frames]]>
    </failure>
  </testcase> <!-- verifyRegisteringAccountUsingInvalidEmailAddress -->
  <testcase classname="tutorialsninja.register.TC_RF_011" name="verifyRegisteringAccountUsingInvalidPhoneNumber" time="6.372"/>
  <testcase classname="tutorialsninja.register.TC_RF_012" name="verifyRegisteringAccountUsingKeyboardKeys" time="16.537"/>
  <testcase classname="tutorialsninja.register.TC_RF_013" name="verifyPlaceHoldersOfTextFieldsInRegisterAccountPage" time="0.629"/>
  <testcase classname="tutorialsninja.register.TC_RF_014" name="verifyMandatoryFieldsSymbolAndColorInRegisterAccountPage" time="0.119">
    <failure type="java.lang.AssertionError" message="expected [&amp;quot;* &amp;quot;] but found [none]">
      <![CDATA[java.lang.AssertionError: expected ["* "] but found [none]
at tutorialsninja.register.TC_RF_014.verifyMandatoryFieldsSymbolAndColorInRegisterAccountPage(TC_RF_014.java:101)
at java.base/java.util.ArrayList.forEach(ArrayList.java:1596)
... Removed 31 stack frames]]>
    </failure>
  </testcase> <!-- verifyMandatoryFieldsSymbolAndColorInRegisterAccountPage -->
  <testcase classname="tutorialsninja.register.TC_RF_016" name="verifyingRegisteringWithOnlySpace" time="1.562"/>
  <testcase classname="tutorialsninja.register.TC_RF_017" name="verifyRegisteringAccountAndCheckingPasswordComplexityStandards" time="6.541">
    <failure type="java.lang.AssertionError" message="expected [true] but found [false]">
      <![CDATA[java.lang.AssertionError: expected [true] but found [false]
at tutorialsninja.register.TC_RF_017.verifyRegisteringAccountAndCheckingPasswordComplexityStandards(TC_RF_017.java:64)
at java.base/java.util.ArrayList.forEach(ArrayList.java:1596)
... Removed 29 stack frames]]>
    </failure>
  </testcase> <!-- verifyRegisteringAccountAndCheckingPasswordComplexityStandards -->
  <testcase classname="tutorialsninja.register.TC_RF_017" name="verifyRegisteringAccountAndCheckingPasswordComplexityStandards" time="6.214">
    <failure type="java.lang.AssertionError" message="expected [true] but found [false]">
      <![CDATA[java.lang.AssertionError: expected [true] but found [false]
at tutorialsninja.register.TC_RF_017.verifyRegisteringAccountAndCheckingPasswordComplexityStandards(TC_RF_017.java:64)
at java.base/java.util.ArrayList.forEach(ArrayList.java:1596)
... Removed 29 stack frames]]>
    </failure>
  </testcase> <!-- verifyRegisteringAccountAndCheckingPasswordComplexityStandards -->
  <testcase classname="tutorialsninja.register.TC_RF_017" name="verifyRegisteringAccountAndCheckingPasswordComplexityStandards" time="6.25">
    <failure type="java.lang.AssertionError" message="expected [true] but found [false]">
      <![CDATA[java.lang.AssertionError: expected [true] but found [false]
at tutorialsninja.register.TC_RF_017.verifyRegisteringAccountAndCheckingPasswordComplexityStandards(TC_RF_017.java:64)
at java.base/java.util.ArrayList.forEach(ArrayList.java:1596)
... Removed 29 stack frames]]>
    </failure>
  </testcase> <!-- verifyRegisteringAccountAndCheckingPasswordComplexityStandards -->
  <testcase classname="tutorialsninja.register.TC_RF_017" name="verifyRegisteringAccountAndCheckingPasswordComplexityStandards" time="13.315">
    <failure type="java.lang.AssertionError" message="expected [true] but found [false]">
      <![CDATA[java.lang.AssertionError: expected [true] but found [false]
at tutorialsninja.register.TC_RF_017.verifyRegisteringAccountAndCheckingPasswordComplexityStandards(TC_RF_017.java:64)
at java.base/java.util.ArrayList.forEach(ArrayList.java:1596)
... Removed 29 stack frames]]>
    </failure>
  </testcase> <!-- verifyRegisteringAccountAndCheckingPasswordComplexityStandards -->
  <testcase classname="tutorialsninja.register.TC_RF_017" name="verifyRegisteringAccountAndCheckingPasswordComplexityStandards" time="6.288">
    <failure type="java.lang.AssertionError" message="expected [true] but found [false]">
      <![CDATA[java.lang.AssertionError: expected [true] but found [false]
at tutorialsninja.register.TC_RF_017.verifyRegisteringAccountAndCheckingPasswordComplexityStandards(TC_RF_017.java:64)
at java.base/java.util.ArrayList.forEach(ArrayList.java:1596)
... Removed 29 stack frames]]>
    </failure>
  </testcase> <!-- verifyRegisteringAccountAndCheckingPasswordComplexityStandards -->
  <testcase classname="tutorialsninja.register.TC_RF_018" name="veifyRegisteringAccountFieldsHeightWidthAllignment" time="33.479">
    <failure type="org.openqa.selenium.StaleElementReferenceException" message="stale element reference: stale element not found
  (Session info: chrome=139.0.7258.128)
For documentation on this error, please visit: https://www.selenium.dev/documentation/webdriver/troubleshooting/errors#stale-element-reference-exception
Build info: version: &amp;apos;4.34.0&amp;apos;, revision: &amp;apos;707dcb4246*&amp;apos;
System info: os.name: &amp;apos;Windows 11&amp;apos;, os.arch: &amp;apos;amd64&amp;apos;, os.version: &amp;apos;10.0&amp;apos;, java.version: &amp;apos;21.0.7&amp;apos;
Driver info: org.openqa.selenium.chrome.ChromeDriver
Command: [b91c378a016d4806631651ef7cf475ea, getElementText {id=f.AC833FBA65DD30AA510A1B7AF560F972.d.A213D87C4B6AB1DE7F3F21C6C2051903.e.380}]
Capabilities {acceptInsecureCerts: false, browserName: chrome, browserVersion: 139.0.7258.128, chrome: {chromedriverVersion: 139.0.7258.138 (884e54ea8d4..., userDataDir: C:\Users\AKSHAT~1\AppData\L...}, fedcm:accounts: true, goog:chromeOptions: {debuggerAddress: localhost:57796}, networkConnectionEnabled: false, pageLoadStrategy: normal, platformName: windows, proxy: Proxy(), se:cdp: ws://localhost:57796/devtoo..., se:cdpVersion: 139.0.7258.128, setWindowRect: true, strictFileInteractability: false, timeouts: {implicit: 0, pageLoad: 300000, script: 30000}, unhandledPromptBehavior: dismiss and notify, webauthn:extension:credBlob: true, webauthn:extension:largeBlob: true, webauthn:extension:minPinLength: true, webauthn:extension:prf: true, webauthn:virtualAuthenticators: true}
Element: [[ChromeDriver: chrome on windows (b91c378a016d4806631651ef7cf475ea)] -&amp;gt; xpath: //input[@id=&amp;apos;input-telephone&amp;apos;]/following-sibling::div]
Session ID: b91c378a016d4806631651ef7cf475ea">
      <![CDATA[org.openqa.selenium.StaleElementReferenceException: stale element reference: stale element not found
  (Session info: chrome=139.0.7258.128)
For documentation on this error, please visit: https://www.selenium.dev/documentation/webdriver/troubleshooting/errors#stale-element-reference-exception
Build info: version: '4.34.0', revision: '707dcb4246*'
System info: os.name: 'Windows 11', os.arch: 'amd64', os.version: '10.0', java.version: '21.0.7'
Driver info: org.openqa.selenium.chrome.ChromeDriver
Command: [b91c378a016d4806631651ef7cf475ea, getElementText {id=f.AC833FBA65DD30AA510A1B7AF560F972.d.A213D87C4B6AB1DE7F3F21C6C2051903.e.380}]
Capabilities {acceptInsecureCerts: false, browserName: chrome, browserVersion: 139.0.7258.128, chrome: {chromedriverVersion: 139.0.7258.138 (884e54ea8d4..., userDataDir: C:\Users\AKSHAT~1\AppData\L...}, fedcm:accounts: true, goog:chromeOptions: {debuggerAddress: localhost:57796}, networkConnectionEnabled: false, pageLoadStrategy: normal, platformName: windows, proxy: Proxy(), se:cdp: ws://localhost:57796/devtoo..., se:cdpVersion: 139.0.7258.128, setWindowRect: true, strictFileInteractability: false, timeouts: {implicit: 0, pageLoad: 300000, script: 30000}, unhandledPromptBehavior: dismiss and notify, webauthn:extension:credBlob: true, webauthn:extension:largeBlob: true, webauthn:extension:minPinLength: true, webauthn:extension:prf: true, webauthn:virtualAuthenticators: true}
Element: [[ChromeDriver: chrome on windows (b91c378a016d4806631651ef7cf475ea)] -> xpath: //input[@id='input-telephone']/following-sibling::div]
Session ID: b91c378a016d4806631651ef7cf475ea
at org.openqa.selenium.remote.ErrorCodec.decode(ErrorCodec.java:167)
at org.openqa.selenium.remote.codec.w3c.W3CHttpResponseCodec.decode(W3CHttpResponseCodec.java:138)
at org.openqa.selenium.remote.codec.w3c.W3CHttpResponseCodec.decode(W3CHttpResponseCodec.java:50)
at org.openqa.selenium.remote.HttpCommandExecutor.execute(HttpCommandExecutor.java:215)
at org.openqa.selenium.remote.service.DriverCommandExecutor.invokeExecute(DriverCommandExecutor.java:216)
at org.openqa.selenium.remote.service.DriverCommandExecutor.execute(DriverCommandExecutor.java:174)
at org.openqa.selenium.remote.RemoteWebDriver.execute(RemoteWebDriver.java:544)
at org.openqa.selenium.remote.RemoteWebElement.execute(RemoteWebElement.java:223)
at org.openqa.selenium.remote.RemoteWebElement.getText(RemoteWebElement.java:191)
at tutorialsninja.register.TC_RF_018.veifyRegisteringAccountFieldsHeightWidthAllignment(TC_RF_018.java:163)
at java.base/java.util.ArrayList.forEach(ArrayList.java:1596)
... Removed 28 stack frames]]>
    </failure>
  </testcase> <!-- veifyRegisteringAccountFieldsHeightWidthAllignment -->
  <testcase classname="tutorialsninja.register.TC_RF_019" name="verifyLeadingAndTrailingSpacesWhileRegisteringAccount" time="1.771">
    <failure type="java.lang.AssertionError" message="The following asserts failed:
	expected [Akshata] but found [     Akshata     ],
	expected [Potale] but found [     Potale     ],
	expected [1234567789] but found [     1234567789     ]">
      <![CDATA[java.lang.AssertionError: The following asserts failed:
expected [Akshata] but found [     Akshata     ],
expected [Potale] but found [     Potale     ],
expected [1234567789] but found [     1234567789     ]
at tutorialsninja.register.TC_RF_019.verifyLeadingAndTrailingSpacesWhileRegisteringAccount(TC_RF_019.java:66)
at java.base/java.util.ArrayList.forEach(ArrayList.java:1596)
... Removed 27 stack frames]]>
    </failure>
  </testcase> <!-- verifyLeadingAndTrailingSpacesWhileRegisteringAccount -->
  <testcase classname="tutorialsninja.register.TC_RF_020" name="verifyPrivacyPolicyFieldOnRegisterAccountPage" time="0.683"/>
  <testcase classname="tutorialsninja.register.TC_RF_021" name="verifyRegisteringAccountWithoutPrivacyPolicySelection" time="0.977"/>
  <testcase classname="tutorialsninja.register.TC_RF_022" name="verifyVisibilityTogglingOfPasswordFieldsOnRegisterAccount" time="0.597"/>
  <testcase classname="tutorialsninja.register.TC_RF_023" name="verifyWorkingOfEveryLinkOnRegisterAccountPage" time="15.956"/>
  <testcase classname="tutorialsninja.register.TC_RF_024" name="verifyRegisteringAccountWithoutEnteringPasswordIntoPasswordConfirmField" time="1.394"/>
  <testcase classname="tutorialsninja.register.TC_RF_025" name="verifyBreadcrumbURLHeadingTitleOfRegisterAccountPage" time="0.597"/>
  <testcase classname="tutorialsninja.register.TC_RF_026" name="verifyUIOfregisterAccountPage" time="5.216"/>
  <testcase classname="tutorialsninja.register.TC_RF_027" name="verifyRegisteringAccountInDifferentTestEnvironment" time="0.0">
    <failure type="org.testng.TestNGException" message="
Cannot inject @Test annotated Method [verifyRegisteringAccountInDifferentTestEnvironment] with [class java.lang.String].
For more information on native dependency injection please refer to https://testng.org/#_dependency_injection">
      <![CDATA[org.testng.TestNGException: 
Cannot inject @Test annotated Method [verifyRegisteringAccountInDifferentTestEnvironment] with [class java.lang.String].
For more information on native dependency injection please refer to https://testng.org/#_dependency_injection
at java.base/java.util.ArrayList.forEach(ArrayList.java:1596)
... Removed 26 stack frames]]>
    </failure>
  </testcase> <!-- verifyRegisteringAccountInDifferentTestEnvironment -->
</testsuite> <!-- Test -->
